[Tue Dec  2 22:21:22 2025] Storage directories initialized: ../storage/SS1/ and ../backups/SS1/
[Tue Dec  2 22:21:22 2025] Successfully registered with Naming Server
[Tue Dec  2 22:21:22 2025] Server started successfully
[Tue Dec  2 22:21:23 2025] Received command from NS: type=33, file=
[Tue Dec  2 22:21:33 2025] Received command from NS: type=33, file=
[Tue Dec  2 22:21:43 2025] Received command from NS: type=33, file=
[Tue Dec  2 22:21:53 2025] Received command from NS: type=33, file=
[Tue Dec  2 22:21:54 2025] Received command from NS: type=10, file=k.txt
[Tue Dec  2 22:21:54 2025] Created file: k.txt (with backup)
[Tue Dec  2 22:21:54 2025] Created file: k.txt
[Tue Dec  2 22:22:03 2025] Received command from NS: type=33, file=
[Tue Dec  2 22:22:13 2025] Received command from NS: type=33, file=
[Tue Dec  2 22:22:23 2025] Received command from NS: type=33, file=
[Tue Dec  2 22:22:25 2025] Client request: type=12, file=k.txt
[Tue Dec  2 22:22:33 2025] Received command from NS: type=33, file=
[Tue Dec  2 22:22:39 2025] WRITE completed for 'k.txt' sentence 0 by Shesh
[Tue Dec  2 22:22:43 2025] Received command from NS: type=33, file=
[Tue Dec  2 22:22:53 2025] Received command from NS: type=33, file=
[Tue Dec  2 22:23:03 2025] Received command from NS: type=33, file=
[Tue Dec  2 22:23:05 2025] Client request: type=11, file=k.txt
[Tue Dec  2 22:23:05 2025] READ completed for 'k.txt' - 9 bytes
[Tue Dec  2 22:23:13 2025] Received command from NS: type=33, file=
[Tue Dec  2 22:23:23 2025] Received command from NS: type=33, file=
[Tue Dec  2 22:23:33 2025] Received command from NS: type=33, file=
[Tue Dec  2 22:23:40 2025] Client request: type=12, file=k.txt
[Tue Dec  2 22:23:43 2025] Received command from NS: type=33, file=
[Tue Dec  2 22:23:46 2025] WRITE completed for 'k.txt' sentence 0 by Shesh
[Tue Dec  2 22:23:50 2025] Client request: type=11, file=k.txt
[Tue Dec  2 22:23:50 2025] READ completed for 'k.txt' - 15 bytes
[Tue Dec  2 22:23:53 2025] Received command from NS: type=33, file=
[Tue Dec  2 22:24:03 2025] Received command from NS: type=33, file=
[Tue Dec  2 22:24:13 2025] Received command from NS: type=33, file=
[Tue Dec  2 22:24:23 2025] Received command from NS: type=33, file=
[Tue Dec  2 22:24:33 2025] Received command from NS: type=33, file=
[Tue Dec  2 22:24:37 2025] Client request: type=12, file=k.txt
[Tue Dec  2 22:24:43 2025] Received command from NS: type=33, file=
[Tue Dec  2 22:24:46 2025] WRITE completed for 'k.txt' sentence 0 by Shesh
[Tue Dec  2 22:24:50 2025] Client request: type=11, file=k.txt
[Tue Dec  2 22:24:50 2025] READ completed for 'k.txt' - 38 bytes
[Tue Dec  2 22:24:53 2025] Received command from NS: type=33, file=
[Tue Dec  2 22:25:03 2025] Client request: type=12, file=k.txt
[Tue Dec  2 22:25:03 2025] Received command from NS: type=33, file=
[Tue Dec  2 22:25:07 2025] Client request: type=12, file=k.txt
[Tue Dec  2 22:25:10 2025] WRITE completed for 'k.txt' sentence 4 by Shesh
[Tue Dec  2 22:25:13 2025] Received command from NS: type=33, file=
[Tue Dec  2 22:25:23 2025] Received command from NS: type=33, file=
[Tue Dec  2 22:25:33 2025] Received command from NS: type=33, file=
[Tue Dec  2 22:25:41 2025] Client request: type=12, file=k.txt
[Tue Dec  2 22:25:43 2025] Received command from NS: type=33, file=
[Tue Dec  2 22:25:48 2025] WRITE completed for 'k.txt' sentence 4 by Shesh
[Tue Dec  2 22:25:51 2025] Client request: type=11, file=k.txt
[Tue Dec  2 22:25:51 2025] READ completed for 'k.txt' - 44 bytes
[Tue Dec  2 22:25:53 2025] Received command from NS: type=33, file=
[Tue Dec  2 22:26:03 2025] Client request: type=12, file=k.txt
[Tue Dec  2 22:26:03 2025] Received command from NS: type=33, file=
[Tue Dec  2 22:26:09 2025] WRITE completed for 'k.txt' sentence 3 by Shesh
[Tue Dec  2 22:26:12 2025] Client request: type=11, file=k.txt
[Tue Dec  2 22:26:12 2025] READ completed for 'k.txt' - 51 bytes
[Tue Dec  2 22:26:13 2025] Received command from NS: type=33, file=
[Tue Dec  2 22:26:23 2025] Received command from NS: type=33, file=
[Tue Dec  2 22:26:33 2025] Received command from NS: type=33, file=
[Tue Dec  2 22:26:43 2025] Received command from NS: type=33, file=
[Tue Dec  2 22:26:53 2025] Received command from NS: type=33, file=
[Tue Dec  2 22:27:03 2025] Received command from NS: type=33, file=
[Tue Dec  2 22:27:13 2025] Received command from NS: type=33, file=
[Tue Dec  2 22:27:23 2025] Received command from NS: type=33, file=
[Tue Dec  2 22:27:33 2025] Received command from NS: type=33, file=
[Tue Dec  2 22:27:43 2025] Received command from NS: type=33, file=
[Tue Dec  2 22:27:53 2025] Received command from NS: type=33, file=
